[1214/114332.444:ERROR:directory_reader_win.cc(43)] FindFirstFile: The system cannot find the path specified. (0x3)
[1214/114332.840:ERROR:filesystem_win.cc(129)] GetFileAttributes C:\Users\SHIKHAR SHUKLA\AppData\Local\Google\Chrome\User Data\Crashpad\attachments\16367b76-79cb-4412-a92d-b9df6e7eceb7: The system cannot find the path specified. (0x3)
<<<<<<< HEAD
[1214/225624.685:ERROR:directory_reader_win.cc(43)] FindFirstFile: The system cannot find the path specified. (0x3)
=======
[1215/030627.118:ERROR:directory_reader_win.cc(43)] FindFirstFile: The system cannot find the path specified. (0x3)
>>>>>>> 59ed0161565df10839d085b993ae86a762cefb61
[1217/113352.697:ERROR:directory_reader_win.cc(43)] FindFirstFile: The system cannot find the path specified. (0x3)
[1218/125653.525:ERROR:directory_reader_win.cc(43)] FindFirstFile: The system cannot find the path specified. (0x3)
[1220/122435.146:ERROR:filesystem_win.cc(129)] GetFileAttributes C:\Users\SHIKHAR SHUKLA\AppData\Local\Google\Chrome\User Data\Crashpad\attachments\366e69e2-fdd2-4314-bfc4-d64b4025f934: The system cannot find the path specified. (0x3)
[1220/122435.498:ERROR:filesystem_win.cc(129)] GetFileAttributes C:\Users\SHIKHAR SHUKLA\AppData\Local\Google\Chrome\User Data\Crashpad\attachments\3d751f5a-498d-47cc-9eb8-62563b9986ff: The system cannot find the path specified. (0x3)
[1220/122435.502:ERROR:filesystem_win.cc(129)] GetFileAttributes C:\Users\SHIKHAR SHUKLA\AppData\Local\Google\Chrome\User Data\Crashpad\attachments\d84bc8ce-6d1e-4ee9-aa87-c449adf7f4bd: The system cannot find the path specified. (0x3)
[1220/122435.505:ERROR:directory_reader_win.cc(43)] FindFirstFile: The system cannot find the path specified. (0x3)
[1227/000700.852:ERROR:directory_reader_win.cc(43)] FindFirstFile: The system cannot find the path specified. (0x3)
[1227/120320.865:ERROR:directory_reader_win.cc(43)] FindFirstFile: The system cannot find the path specified. (0x3)
[1227/224911.259:ERROR:directory_reader_win.cc(43)] FindFirstFile: The system cannot find the path specified. (0x3)
[1228/120850.554:ERROR:directory_reader_win.cc(43)] FindFirstFile: The system cannot find the path specified. (0x3)
[1228/233232.784:ERROR:directory_reader_win.cc(43)] FindFirstFile: The system cannot find the path specified. (0x3)
[1230/231026.825:ERROR:directory_reader_win.cc(43)] FindFirstFile: The system cannot find the path specified. (0x3)
[0102/125032.356:ERROR:directory_reader_win.cc(43)] FindFirstFile: The system cannot find the path specified. (0x3)
